2020-04-12 21:18:41,508 INFO Arguments:
2020-04-12 21:18:41,508 INFO   algorithm: adam
2020-04-12 21:18:41,508 INFO   aspect_size: 14
2020-04-12 21:18:41,508 INFO   batch_size: 32
2020-04-12 21:18:41,508 INFO   command: train.py --emb-name /sentihood/glove.6B.100d.txt.word2vec --epochs 1 --domain sentihood --out-dir output_dir
2020-04-12 21:18:41,508 INFO   domain: sentihood
2020-04-12 21:18:41,508 INFO   emb_dim: 100
2020-04-12 21:18:41,508 INFO   emb_name: /sentihood/glove.6B.100d.txt.word2vec
2020-04-12 21:18:41,509 INFO   epochs: 1
2020-04-12 21:18:41,509 INFO   maxlen: 256
2020-04-12 21:18:41,509 INFO   neg_size: 20
2020-04-12 21:18:41,509 INFO   ortho_reg: 0.1
2020-04-12 21:18:41,509 INFO   out_dir_path: output_dir
2020-04-12 21:18:41,509 INFO   seed: 1234
2020-04-12 21:18:41,509 INFO   vocab_size: 9000
2020-04-12 21:18:41,604 INFO   Building model
2020-04-12 21:18:41,644 INFO 'pattern' package not found; tag filters are not available for English
2020-04-12 21:18:41,699 INFO Loading embeddings from: /sentihood/glove.6B.100d.txt.word2vec
2020-04-12 21:18:41,699 INFO loading projection weights from /sentihood/glove.6B.100d.txt.word2vec
2020-04-12 21:20:16,698 INFO Arguments:
2020-04-12 21:20:16,698 INFO   algorithm: adam
2020-04-12 21:20:16,698 INFO   aspect_size: 14
2020-04-12 21:20:16,699 INFO   batch_size: 32
2020-04-12 21:20:16,699 INFO   command: train.py --emb-name ../preprocessed_data/sentihood/glove.6B.100d.txt.word2vec --epochs 1 --domain sentihood --out-dir output_dir
2020-04-12 21:20:16,699 INFO   domain: sentihood
2020-04-12 21:20:16,699 INFO   emb_dim: 100
2020-04-12 21:20:16,699 INFO   emb_name: ../preprocessed_data/sentihood/glove.6B.100d.txt.word2vec
2020-04-12 21:20:16,699 INFO   epochs: 1
2020-04-12 21:20:16,699 INFO   maxlen: 256
2020-04-12 21:20:16,699 INFO   neg_size: 20
2020-04-12 21:20:16,699 INFO   ortho_reg: 0.1
2020-04-12 21:20:16,699 INFO   out_dir_path: output_dir
2020-04-12 21:20:16,699 INFO   seed: 1234
2020-04-12 21:20:16,699 INFO   vocab_size: 9000
2020-04-12 21:20:16,795 INFO   Building model
2020-04-12 21:20:16,834 INFO 'pattern' package not found; tag filters are not available for English
2020-04-12 21:20:16,887 INFO Loading embeddings from: ../preprocessed_data/sentihood/glove.6B.100d.txt.word2vec
2020-04-12 21:20:16,887 INFO loading projection weights from ../preprocessed_data/sentihood/glove.6B.100d.txt.word2vec
2020-04-12 21:20:48,305 INFO loaded (400000, 100) matrix from ../preprocessed_data/sentihood/glove.6B.100d.txt.word2vec
2020-04-12 21:20:59,024 INFO   #vectors: 400000, #dimensions: 100
2020-04-12 21:22:46,124 INFO Initializing word embedding matrix
2020-04-12 21:22:46,167 INFO 3501/3796 word vectors initialized (hit rate: 92.23%)
2020-04-12 21:22:46,168 INFO Initializing aspect embedding matrix as centroid of kmean clusters
2020-04-12 21:22:49,410 INFO --------------------------------------------------------------------------------
2020-04-12 21:22:58,550 INFO Epoch 0, train: 9s
2020-04-12 21:22:58,550 INFO Total loss: 14.6126, max_margin_loss: 13.4468, ortho_reg: 1.1659
2020-04-12 21:28:59,344 INFO Arguments:
2020-04-12 21:28:59,344 INFO   algorithm: adam
2020-04-12 21:28:59,344 INFO   aspect_size: 14
2020-04-12 21:28:59,344 INFO   batch_size: 32
2020-04-12 21:28:59,344 INFO   command: train.py --emb-name ../preprocessed_data/sentihood/glove.6B.100d.txt.word2vec --epochs 15 --domain sentihood --out-dir output_dir
2020-04-12 21:28:59,344 INFO   domain: sentihood
2020-04-12 21:28:59,344 INFO   emb_dim: 100
2020-04-12 21:28:59,344 INFO   emb_name: ../preprocessed_data/sentihood/glove.6B.100d.txt.word2vec
2020-04-12 21:28:59,344 INFO   epochs: 15
2020-04-12 21:28:59,344 INFO   maxlen: 256
2020-04-12 21:28:59,344 INFO   neg_size: 20
2020-04-12 21:28:59,344 INFO   ortho_reg: 0.1
2020-04-12 21:28:59,344 INFO   out_dir_path: output_dir
2020-04-12 21:28:59,344 INFO   seed: 1234
2020-04-12 21:28:59,344 INFO   vocab_size: 9000
2020-04-12 21:28:59,440 INFO   Building model
2020-04-12 21:28:59,480 INFO 'pattern' package not found; tag filters are not available for English
2020-04-12 21:28:59,534 INFO Loading embeddings from: ../preprocessed_data/sentihood/glove.6B.100d.txt.word2vec
2020-04-12 21:28:59,535 INFO loading projection weights from ../preprocessed_data/sentihood/glove.6B.100d.txt.word2vec
2020-04-12 21:29:31,139 INFO loaded (400000, 100) matrix from ../preprocessed_data/sentihood/glove.6B.100d.txt.word2vec
2020-04-12 21:29:41,890 INFO   #vectors: 400000, #dimensions: 100
2020-04-12 21:31:29,399 INFO Initializing word embedding matrix
2020-04-12 21:31:29,442 INFO 3501/3796 word vectors initialized (hit rate: 92.23%)
2020-04-12 21:31:29,443 INFO Initializing aspect embedding matrix as centroid of kmean clusters
2020-04-12 21:31:32,385 INFO --------------------------------------------------------------------------------
2020-04-12 21:31:41,408 INFO Epoch 0, train: 8s
2020-04-12 21:31:41,408 INFO Total loss: 14.6126, max_margin_loss: 13.4468, ortho_reg: 1.1659
2020-04-12 21:31:42,994 INFO Epoch 1, train: 1s
2020-04-12 21:31:42,994 INFO Total loss: 7.8690, max_margin_loss: 7.7649, ortho_reg: 0.1041
2020-04-12 21:31:44,512 INFO Epoch 2, train: 1s
2020-04-12 21:31:44,512 INFO Total loss: 6.9683, max_margin_loss: 6.9312, ortho_reg: 0.0371
2020-04-12 21:31:45,951 INFO Epoch 3, train: 1s
2020-04-12 21:31:45,951 INFO Total loss: 6.3003, max_margin_loss: 6.2296, ortho_reg: 0.0707
2020-04-12 21:31:47,416 INFO Epoch 4, train: 1s
2020-04-12 21:31:47,416 INFO Total loss: 6.0640, max_margin_loss: 5.9842, ortho_reg: 0.0799
2020-04-12 21:31:49,073 INFO Epoch 5, train: 1s
2020-04-12 21:31:49,073 INFO Total loss: 5.9783, max_margin_loss: 5.8949, ortho_reg: 0.0834
2020-04-12 21:31:50,504 INFO Epoch 6, train: 1s
2020-04-12 21:31:50,504 INFO Total loss: 5.8958, max_margin_loss: 5.8103, ortho_reg: 0.0856
2020-04-12 21:31:52,143 INFO Epoch 7, train: 1s
2020-04-12 21:31:52,143 INFO Total loss: 5.8322, max_margin_loss: 5.7454, ortho_reg: 0.0868
2020-04-12 21:31:53,667 INFO Epoch 8, train: 1s
2020-04-12 21:31:53,667 INFO Total loss: 5.7975, max_margin_loss: 5.7100, ortho_reg: 0.0875
2020-04-12 21:31:55,390 INFO Epoch 9, train: 1s
2020-04-12 21:31:55,392 INFO Total loss: 5.7735, max_margin_loss: 5.6851, ortho_reg: 0.0885
2020-04-12 21:31:56,871 INFO Epoch 10, train: 1s
2020-04-12 21:31:56,871 INFO Total loss: 5.7124, max_margin_loss: 5.6234, ortho_reg: 0.0890
2020-04-12 21:31:58,315 INFO Epoch 11, train: 1s
2020-04-12 21:31:58,315 INFO Total loss: 5.7508, max_margin_loss: 5.6609, ortho_reg: 0.0900
2020-04-12 21:31:59,893 INFO Epoch 12, train: 1s
2020-04-12 21:31:59,893 INFO Total loss: 5.7082, max_margin_loss: 5.6174, ortho_reg: 0.0908
2020-04-12 21:32:01,527 INFO Epoch 13, train: 1s
2020-04-12 21:32:01,527 INFO Total loss: 5.6483, max_margin_loss: 5.5569, ortho_reg: 0.0914
2020-04-12 21:32:03,195 INFO Epoch 14, train: 1s
2020-04-12 21:32:03,195 INFO Total loss: 5.6762, max_margin_loss: 5.5840, ortho_reg: 0.0922
2020-04-14 15:35:46,075 INFO Arguments:
2020-04-14 15:35:46,076 INFO   algorithm: adam
2020-04-14 15:35:46,076 INFO   aspect_size: 14
2020-04-14 15:35:46,076 INFO   batch_size: 32
2020-04-14 15:35:46,076 INFO   command: train.py --emb-name ../preprocessed_data/sentihood/glove.twitter.27B.100d.word2vec
2020-04-14 15:35:46,076 INFO   domain: app_reviews
2020-04-14 15:35:46,076 INFO   emb_dim: 100
2020-04-14 15:35:46,076 INFO   emb_name: ../preprocessed_data/sentihood/glove.twitter.27B.100d.word2vec
2020-04-14 15:35:46,076 INFO   epochs: 15
2020-04-14 15:35:46,076 INFO   maxlen: 256
2020-04-14 15:35:46,076 INFO   neg_size: 20
2020-04-14 15:35:46,076 INFO   ortho_reg: 0.1
2020-04-14 15:35:46,076 INFO   out_dir_path: output
2020-04-14 15:35:46,076 INFO   seed: 1234
2020-04-14 15:35:46,076 INFO   vocab_size: 9000
2020-04-14 15:36:26,547 INFO Arguments:
2020-04-14 15:36:26,547 INFO   algorithm: adam
2020-04-14 15:36:26,547 INFO   aspect_size: 14
2020-04-14 15:36:26,547 INFO   batch_size: 32
2020-04-14 15:36:26,547 INFO   command: train.py --emb-name ../preprocessed_data/sentihood/glove.twitter.27B.100d.word2vec
2020-04-14 15:36:26,547 INFO   domain: app_reviews
2020-04-14 15:36:26,547 INFO   emb_dim: 100
2020-04-14 15:36:26,547 INFO   emb_name: ../preprocessed_data/sentihood/glove.twitter.27B.100d.word2vec
2020-04-14 15:36:26,547 INFO   epochs: 15
2020-04-14 15:36:26,547 INFO   maxlen: 256
2020-04-14 15:36:26,547 INFO   neg_size: 20
2020-04-14 15:36:26,547 INFO   ortho_reg: 0.1
2020-04-14 15:36:26,547 INFO   out_dir_path: output
2020-04-14 15:36:26,547 INFO   seed: 1234
2020-04-14 15:36:26,547 INFO   vocab_size: 9000
2020-04-14 15:36:56,384 INFO Arguments:
2020-04-14 15:36:56,385 INFO   algorithm: adam
2020-04-14 15:36:56,385 INFO   aspect_size: 14
2020-04-14 15:36:56,385 INFO   batch_size: 32
2020-04-14 15:36:56,385 INFO   command: train.py --emb-name ../preprocessed_data/sentihood/glove.twitter.27B.100d.word2vec --epochs 15 --domain sentihood --out-dir output_dir
2020-04-14 15:36:56,385 INFO   domain: sentihood
2020-04-14 15:36:56,385 INFO   emb_dim: 100
2020-04-14 15:36:56,385 INFO   emb_name: ../preprocessed_data/sentihood/glove.twitter.27B.100d.word2vec
2020-04-14 15:36:56,385 INFO   epochs: 15
2020-04-14 15:36:56,385 INFO   maxlen: 256
2020-04-14 15:36:56,385 INFO   neg_size: 20
2020-04-14 15:36:56,385 INFO   ortho_reg: 0.1
2020-04-14 15:36:56,385 INFO   out_dir_path: output_dir
2020-04-14 15:36:56,385 INFO   seed: 1234
2020-04-14 15:36:56,385 INFO   vocab_size: 9000
2020-04-14 15:36:56,485 INFO   Building model
2020-04-14 15:36:56,526 INFO 'pattern' package not found; tag filters are not available for English
2020-04-14 15:36:56,579 INFO Loading embeddings from: ../preprocessed_data/sentihood/glove.twitter.27B.100d.word2vec
2020-04-14 15:36:56,579 INFO loading projection weights from ../preprocessed_data/sentihood/glove.twitter.27B.100d.word2vec
2020-04-14 15:38:34,344 INFO loaded (1193514, 100) matrix from ../preprocessed_data/sentihood/glove.twitter.27B.100d.word2vec
2020-04-14 15:39:05,874 INFO   #vectors: 1193514, #dimensions: 100
2020-04-14 15:46:57,518 INFO Initializing word embedding matrix
2020-04-14 15:46:57,560 INFO 3445/3796 word vectors initialized (hit rate: 90.75%)
2020-04-14 15:46:57,561 INFO Initializing aspect embedding matrix as centroid of kmean clusters
2020-04-14 15:47:05,095 INFO --------------------------------------------------------------------------------
2020-04-14 15:47:14,701 INFO Epoch 0, train: 9s
2020-04-14 15:47:14,702 INFO Total loss: 17.1775, max_margin_loss: 15.4988, ortho_reg: 1.6787
2020-04-14 15:47:16,245 INFO Epoch 1, train: 1s
2020-04-14 15:47:16,246 INFO Total loss: 8.6271, max_margin_loss: 8.4729, ortho_reg: 0.1542
2020-04-14 15:47:17,716 INFO Epoch 2, train: 1s
2020-04-14 15:47:17,716 INFO Total loss: 7.0778, max_margin_loss: 7.0647, ortho_reg: 0.0131
2020-04-14 15:47:19,135 INFO Epoch 3, train: 1s
2020-04-14 15:47:19,135 INFO Total loss: 6.5540, max_margin_loss: 6.5517, ortho_reg: 0.0023
2020-04-14 15:47:20,581 INFO Epoch 4, train: 1s
2020-04-14 15:47:20,582 INFO Total loss: 6.2740, max_margin_loss: 6.2716, ortho_reg: 0.0024
2020-04-14 15:47:22,102 INFO Epoch 5, train: 1s
2020-04-14 15:47:22,102 INFO Total loss: 6.1247, max_margin_loss: 6.1203, ortho_reg: 0.0044
2020-04-14 15:47:23,616 INFO Epoch 6, train: 1s
2020-04-14 15:47:23,616 INFO Total loss: 5.9856, max_margin_loss: 5.9790, ortho_reg: 0.0065
2020-04-14 15:47:25,083 INFO Epoch 7, train: 1s
2020-04-14 15:47:25,083 INFO Total loss: 5.8856, max_margin_loss: 5.8770, ortho_reg: 0.0086
2020-04-14 15:47:26,513 INFO Epoch 8, train: 1s
2020-04-14 15:47:26,513 INFO Total loss: 5.8052, max_margin_loss: 5.7942, ortho_reg: 0.0110
2020-04-14 15:47:27,935 INFO Epoch 9, train: 1s
2020-04-14 15:47:27,935 INFO Total loss: 5.7323, max_margin_loss: 5.7178, ortho_reg: 0.0144
2020-04-14 15:47:29,374 INFO Epoch 10, train: 1s
2020-04-14 15:47:29,374 INFO Total loss: 5.6181, max_margin_loss: 5.6007, ortho_reg: 0.0175
2020-04-14 15:47:30,925 INFO Epoch 11, train: 1s
2020-04-14 15:47:30,925 INFO Total loss: 5.6039, max_margin_loss: 5.5815, ortho_reg: 0.0224
2020-04-14 15:47:32,527 INFO Epoch 12, train: 1s
2020-04-14 15:47:32,527 INFO Total loss: 5.5032, max_margin_loss: 5.4778, ortho_reg: 0.0254
2020-04-14 15:47:34,083 INFO Epoch 13, train: 1s
2020-04-14 15:47:34,083 INFO Total loss: 5.4290, max_margin_loss: 5.4045, ortho_reg: 0.0246
2020-04-14 15:47:35,554 INFO Epoch 14, train: 1s
2020-04-14 15:47:35,554 INFO Total loss: 5.4247, max_margin_loss: 5.4004, ortho_reg: 0.0244
2020-04-14 16:22:20,150 INFO Arguments:
2020-04-14 16:22:20,150 INFO   algorithm: adam
2020-04-14 16:22:20,150 INFO   aspect_size: 14
2020-04-14 16:22:20,150 INFO   batch_size: 32
2020-04-14 16:22:20,150 INFO   command: train.py --emb-name ../preprocessed_data/sentihood/glove.twitter.27B.100d.word2vec --epochs 15 --domain sentihood --out-dir output_dir
2020-04-14 16:22:20,150 INFO   domain: sentihood
2020-04-14 16:22:20,150 INFO   emb_dim: 100
2020-04-14 16:22:20,150 INFO   emb_name: ../preprocessed_data/sentihood/glove.twitter.27B.100d.word2vec
2020-04-14 16:22:20,150 INFO   epochs: 15
2020-04-14 16:22:20,150 INFO   maxlen: 256
2020-04-14 16:22:20,150 INFO   neg_size: 20
2020-04-14 16:22:20,151 INFO   ortho_reg: 0.1
2020-04-14 16:22:20,151 INFO   out_dir_path: output_dir
2020-04-14 16:22:20,151 INFO   seed: 1234
2020-04-14 16:22:20,151 INFO   vocab_size: 9000
2020-04-14 16:22:20,364 INFO   Building model
2020-04-14 16:22:20,429 INFO 'pattern' package not found; tag filters are not available for English
2020-04-14 16:22:20,533 INFO Loading embeddings from: ../preprocessed_data/sentihood/glove.twitter.27B.100d.word2vec
2020-04-14 16:22:20,533 INFO loading projection weights from ../preprocessed_data/sentihood/glove.twitter.27B.100d.word2vec
2020-04-14 16:24:01,285 INFO loaded (1193514, 100) matrix from ../preprocessed_data/sentihood/glove.twitter.27B.100d.word2vec
2020-04-14 16:24:33,776 INFO   #vectors: 1193514, #dimensions: 100
2020-04-14 16:34:04,552 INFO Initializing word embedding matrix
2020-04-14 16:34:04,595 INFO 3445/3796 word vectors initialized (hit rate: 90.75%)
2020-04-14 16:34:04,597 INFO Initializing aspect embedding matrix as centroid of kmean clusters
2020-04-14 16:34:12,568 INFO --------------------------------------------------------------------------------
2020-04-14 16:34:21,998 INFO Epoch 0, train: 9s
2020-04-14 16:34:21,998 INFO Total loss: 17.1775, max_margin_loss: 15.4988, ortho_reg: 1.6787
2020-04-14 16:34:23,807 INFO Epoch 1, train: 1s
2020-04-14 16:34:23,808 INFO Total loss: 8.6271, max_margin_loss: 8.4729, ortho_reg: 0.1542
2020-04-14 16:34:25,432 INFO Epoch 2, train: 1s
2020-04-14 16:34:25,433 INFO Total loss: 7.0778, max_margin_loss: 7.0647, ortho_reg: 0.0131
2020-04-14 16:34:26,888 INFO Epoch 3, train: 1s
2020-04-14 16:34:26,888 INFO Total loss: 6.5540, max_margin_loss: 6.5517, ortho_reg: 0.0023
2020-04-14 16:34:28,361 INFO Epoch 4, train: 1s
2020-04-14 16:34:28,362 INFO Total loss: 6.2740, max_margin_loss: 6.2716, ortho_reg: 0.0024
2020-04-14 16:34:29,978 INFO Epoch 5, train: 1s
2020-04-14 16:34:29,978 INFO Total loss: 6.1247, max_margin_loss: 6.1203, ortho_reg: 0.0044
2020-04-14 16:34:31,468 INFO Epoch 6, train: 1s
2020-04-14 16:34:31,468 INFO Total loss: 5.9856, max_margin_loss: 5.9790, ortho_reg: 0.0065
2020-04-14 16:34:33,141 INFO Epoch 7, train: 1s
2020-04-14 16:34:33,141 INFO Total loss: 5.8856, max_margin_loss: 5.8770, ortho_reg: 0.0086
2020-04-14 16:34:35,056 INFO Epoch 8, train: 1s
2020-04-14 16:34:35,056 INFO Total loss: 5.8052, max_margin_loss: 5.7942, ortho_reg: 0.0110
2020-04-14 16:34:36,540 INFO Epoch 9, train: 1s
2020-04-14 16:34:36,540 INFO Total loss: 5.7323, max_margin_loss: 5.7178, ortho_reg: 0.0144
2020-04-14 16:34:38,477 INFO Epoch 10, train: 1s
2020-04-14 16:34:38,478 INFO Total loss: 5.6181, max_margin_loss: 5.6007, ortho_reg: 0.0175
2020-04-14 16:34:39,951 INFO Epoch 11, train: 1s
2020-04-14 16:34:39,952 INFO Total loss: 5.6039, max_margin_loss: 5.5815, ortho_reg: 0.0224
2020-04-14 16:34:41,482 INFO Epoch 12, train: 1s
2020-04-14 16:34:41,482 INFO Total loss: 5.5032, max_margin_loss: 5.4778, ortho_reg: 0.0254
2020-04-14 16:34:42,990 INFO Epoch 13, train: 1s
2020-04-14 16:34:42,990 INFO Total loss: 5.4290, max_margin_loss: 5.4045, ortho_reg: 0.0246
2020-04-14 16:34:44,530 INFO Epoch 14, train: 1s
2020-04-14 16:34:44,530 INFO Total loss: 5.4247, max_margin_loss: 5.4004, ortho_reg: 0.0244
2020-04-15 22:30:57,269 INFO Arguments:
2020-04-15 22:30:57,269 INFO   algorithm: adam
2020-04-15 22:30:57,269 INFO   aspect_size: 14
2020-04-15 22:30:57,270 INFO   batch_size: 32
2020-04-15 22:30:57,270 INFO   command: train.py --emb-name ../preprocessed_data/sentihood/sentihood_glove.txt.word2vec --epochs 15 --domain sentihood --out-dir output_dir
2020-04-15 22:30:57,270 INFO   domain: sentihood
2020-04-15 22:30:57,270 INFO   emb_dim: 100
2020-04-15 22:30:57,270 INFO   emb_name: ../preprocessed_data/sentihood/sentihood_glove.txt.word2vec
2020-04-15 22:30:57,270 INFO   epochs: 15
2020-04-15 22:30:57,270 INFO   maxlen: 256
2020-04-15 22:30:57,270 INFO   neg_size: 20
2020-04-15 22:30:57,270 INFO   ortho_reg: 0.1
2020-04-15 22:30:57,270 INFO   out_dir_path: output_dir
2020-04-15 22:30:57,270 INFO   seed: 1234
2020-04-15 22:30:57,270 INFO   vocab_size: 9000
2020-04-15 22:30:57,365 INFO   Building model
2020-04-15 22:30:57,408 INFO 'pattern' package not found; tag filters are not available for English
2020-04-15 22:30:57,463 INFO Loading embeddings from: ../preprocessed_data/sentihood/sentihood_glove.txt.word2vec
2020-04-15 22:30:57,463 INFO loading projection weights from ../preprocessed_data/sentihood/sentihood_glove.txt.word2vec
2020-04-15 22:30:57,496 INFO loaded (829, 50) matrix from ../preprocessed_data/sentihood/sentihood_glove.txt.word2vec
2020-04-15 22:30:57,505 INFO   #vectors: 829, #dimensions: 50
2020-04-15 22:31:00,365 INFO Initializing word embedding matrix
2020-04-15 22:31:00,371 INFO 816/3796 word vectors initialized (hit rate: 21.50%)
2020-04-15 22:31:00,372 INFO Initializing aspect embedding matrix as centroid of kmean clusters
2020-04-15 22:31:00,393 INFO --------------------------------------------------------------------------------
2020-04-15 22:31:08,292 INFO Epoch 0, train: 7s
2020-04-15 22:31:08,293 INFO Total loss: 20.8461, max_margin_loss: 17.7965, ortho_reg: 3.0496
2020-04-15 22:31:09,082 INFO Epoch 1, train: 0s
2020-04-15 22:31:09,083 INFO Total loss: 12.7320, max_margin_loss: 11.1974, ortho_reg: 1.5346
2020-04-15 22:31:09,873 INFO Epoch 2, train: 0s
2020-04-15 22:31:09,873 INFO Total loss: 9.7083, max_margin_loss: 8.5481, ortho_reg: 1.1602
2020-04-15 22:31:10,528 INFO Epoch 3, train: 0s
2020-04-15 22:31:10,528 INFO Total loss: 6.9352, max_margin_loss: 6.0161, ortho_reg: 0.9191
2020-04-15 22:31:11,216 INFO Epoch 4, train: 0s
2020-04-15 22:31:11,216 INFO Total loss: 6.1430, max_margin_loss: 5.4273, ortho_reg: 0.7157
2020-04-15 22:31:11,896 INFO Epoch 5, train: 0s
2020-04-15 22:31:11,896 INFO Total loss: 5.7449, max_margin_loss: 5.1872, ortho_reg: 0.5576
2020-04-15 22:31:12,630 INFO Epoch 6, train: 0s
2020-04-15 22:31:12,630 INFO Total loss: 5.4653, max_margin_loss: 5.0271, ortho_reg: 0.4382
2020-04-15 22:31:13,356 INFO Epoch 7, train: 0s
2020-04-15 22:31:13,356 INFO Total loss: 5.2656, max_margin_loss: 4.9173, ortho_reg: 0.3483
2020-04-15 22:31:14,133 INFO Epoch 8, train: 0s
2020-04-15 22:31:14,134 INFO Total loss: 5.0604, max_margin_loss: 4.7796, ortho_reg: 0.2807
2020-04-15 22:31:14,832 INFO Epoch 9, train: 0s
2020-04-15 22:31:14,832 INFO Total loss: 4.9425, max_margin_loss: 4.7120, ortho_reg: 0.2305
2020-04-15 22:31:15,516 INFO Epoch 10, train: 0s
2020-04-15 22:31:15,516 INFO Total loss: 4.8445, max_margin_loss: 4.6509, ortho_reg: 0.1937
2020-04-15 22:31:16,201 INFO Epoch 11, train: 0s
2020-04-15 22:31:16,201 INFO Total loss: 4.7839, max_margin_loss: 4.6171, ortho_reg: 0.1668
2020-04-15 22:31:16,866 INFO Epoch 12, train: 0s
2020-04-15 22:31:16,866 INFO Total loss: 4.7196, max_margin_loss: 4.5720, ortho_reg: 0.1476
2020-04-15 22:31:17,521 INFO Epoch 13, train: 0s
2020-04-15 22:31:17,521 INFO Total loss: 4.6711, max_margin_loss: 4.5369, ortho_reg: 0.1343
2020-04-15 22:31:18,198 INFO Epoch 14, train: 0s
2020-04-15 22:31:18,198 INFO Total loss: 4.6186, max_margin_loss: 4.4934, ortho_reg: 0.1251
2020-04-16 08:19:53,540 INFO Arguments:
2020-04-16 08:19:53,540 INFO   algorithm: adam
2020-04-16 08:19:53,540 INFO   aspect_size: 14
2020-04-16 08:19:53,540 INFO   batch_size: 32
2020-04-16 08:19:53,540 INFO   command: train.py --emb-name ../preprocessed_data/sentihood/sentihood_glove_win10.txt.word2vec --epochs 15 --domain sentihood --out-dir output_dir
2020-04-16 08:19:53,540 INFO   domain: sentihood
2020-04-16 08:19:53,540 INFO   emb_dim: 100
2020-04-16 08:19:53,540 INFO   emb_name: ../preprocessed_data/sentihood/sentihood_glove_win10.txt.word2vec
2020-04-16 08:19:53,540 INFO   epochs: 15
2020-04-16 08:19:53,540 INFO   maxlen: 256
2020-04-16 08:19:53,540 INFO   neg_size: 20
2020-04-16 08:19:53,540 INFO   ortho_reg: 0.1
2020-04-16 08:19:53,540 INFO   out_dir_path: output_dir
2020-04-16 08:19:53,540 INFO   seed: 1234
2020-04-16 08:19:53,540 INFO   vocab_size: 9000
2020-04-16 08:19:53,636 INFO   Building model
2020-04-16 08:19:53,674 INFO 'pattern' package not found; tag filters are not available for English
2020-04-16 08:19:53,727 INFO Loading embeddings from: ../preprocessed_data/sentihood/sentihood_glove_win10.txt.word2vec
2020-04-16 08:19:53,727 INFO loading projection weights from ../preprocessed_data/sentihood/sentihood_glove_win10.txt.word2vec
2020-04-16 08:19:53,760 INFO loaded (829, 50) matrix from ../preprocessed_data/sentihood/sentihood_glove_win10.txt.word2vec
2020-04-16 08:19:53,769 INFO   #vectors: 829, #dimensions: 50
2020-04-16 08:19:56,353 INFO Initializing word embedding matrix
2020-04-16 08:19:56,358 INFO 816/3796 word vectors initialized (hit rate: 21.50%)
2020-04-16 08:19:56,358 INFO Initializing aspect embedding matrix as centroid of kmean clusters
2020-04-16 08:19:56,376 INFO --------------------------------------------------------------------------------
2020-04-16 08:20:04,349 INFO Epoch 0, train: 7s
2020-04-16 08:20:04,349 INFO Total loss: 20.4365, max_margin_loss: 17.2708, ortho_reg: 3.1657
2020-04-16 08:20:05,191 INFO Epoch 1, train: 0s
2020-04-16 08:20:05,192 INFO Total loss: 12.0181, max_margin_loss: 10.3390, ortho_reg: 1.6791
2020-04-16 08:20:06,141 INFO Epoch 2, train: 0s
2020-04-16 08:20:06,141 INFO Total loss: 9.3182, max_margin_loss: 8.0241, ortho_reg: 1.2941
2020-04-16 08:20:06,834 INFO Epoch 3, train: 0s
2020-04-16 08:20:06,834 INFO Total loss: 6.9938, max_margin_loss: 5.9279, ortho_reg: 1.0659
2020-04-16 08:20:07,508 INFO Epoch 4, train: 0s
2020-04-16 08:20:07,508 INFO Total loss: 6.2279, max_margin_loss: 5.3472, ortho_reg: 0.8808
2020-04-16 08:20:08,180 INFO Epoch 5, train: 0s
2020-04-16 08:20:08,180 INFO Total loss: 5.8590, max_margin_loss: 5.1282, ortho_reg: 0.7308
2020-04-16 08:20:08,907 INFO Epoch 6, train: 0s
2020-04-16 08:20:08,907 INFO Total loss: 5.6077, max_margin_loss: 5.0024, ortho_reg: 0.6053
2020-04-16 08:20:09,714 INFO Epoch 7, train: 0s
2020-04-16 08:20:09,714 INFO Total loss: 5.3917, max_margin_loss: 4.8951, ortho_reg: 0.4967
2020-04-16 08:20:10,577 INFO Epoch 8, train: 0s
2020-04-16 08:20:10,578 INFO Total loss: 5.1735, max_margin_loss: 4.7706, ortho_reg: 0.4029
2020-04-16 08:20:11,307 INFO Epoch 9, train: 0s
2020-04-16 08:20:11,307 INFO Total loss: 5.0400, max_margin_loss: 4.7152, ortho_reg: 0.3248
2020-04-16 08:20:12,080 INFO Epoch 10, train: 0s
2020-04-16 08:20:12,080 INFO Total loss: 4.9025, max_margin_loss: 4.6406, ortho_reg: 0.2619
2020-04-16 08:20:12,883 INFO Epoch 11, train: 0s
2020-04-16 08:20:12,883 INFO Total loss: 4.8186, max_margin_loss: 4.6050, ortho_reg: 0.2136
2020-04-16 08:20:13,761 INFO Epoch 12, train: 0s
2020-04-16 08:20:13,761 INFO Total loss: 4.7415, max_margin_loss: 4.5631, ortho_reg: 0.1784
2020-04-16 08:20:14,531 INFO Epoch 13, train: 0s
2020-04-16 08:20:14,531 INFO Total loss: 4.6922, max_margin_loss: 4.5385, ortho_reg: 0.1537
2020-04-16 08:20:15,235 INFO Epoch 14, train: 0s
2020-04-16 08:20:15,235 INFO Total loss: 4.6368, max_margin_loss: 4.4996, ortho_reg: 0.1372
2020-04-17 08:58:15,653 INFO Arguments:
2020-04-17 08:58:15,653 INFO   algorithm: adam
2020-04-17 08:58:15,653 INFO   aspect_size: 28
2020-04-17 08:58:15,653 INFO   batch_size: 32
2020-04-17 08:58:15,653 INFO   command: train.py --emb-name ../preprocessed_data/sentihood/glove.6B.100d.txt.word2vec --epochs 15 --domain sentihood --out-dir output_dir -as 28
2020-04-17 08:58:15,653 INFO   domain: sentihood
2020-04-17 08:58:15,653 INFO   emb_dim: 100
2020-04-17 08:58:15,653 INFO   emb_name: ../preprocessed_data/sentihood/glove.6B.100d.txt.word2vec
2020-04-17 08:58:15,653 INFO   epochs: 15
2020-04-17 08:58:15,653 INFO   maxlen: 256
2020-04-17 08:58:15,653 INFO   neg_size: 20
2020-04-17 08:58:15,653 INFO   ortho_reg: 0.1
2020-04-17 08:58:15,653 INFO   out_dir_path: output_dir
2020-04-17 08:58:15,653 INFO   seed: 1234
2020-04-17 08:58:15,653 INFO   vocab_size: 9000
2020-04-17 08:58:15,754 INFO   Building model
2020-04-17 08:58:15,798 INFO 'pattern' package not found; tag filters are not available for English
2020-04-17 08:58:15,856 INFO Loading embeddings from: ../preprocessed_data/sentihood/glove.6B.100d.txt.word2vec
2020-04-17 08:58:15,856 INFO loading projection weights from ../preprocessed_data/sentihood/glove.6B.100d.txt.word2vec
2020-04-17 08:58:47,409 INFO loaded (400000, 100) matrix from ../preprocessed_data/sentihood/glove.6B.100d.txt.word2vec
2020-04-17 08:58:58,334 INFO   #vectors: 400000, #dimensions: 100
2020-04-17 09:03:28,240 INFO Initializing word embedding matrix
2020-04-17 09:03:28,280 INFO 3501/3796 word vectors initialized (hit rate: 92.23%)
2020-04-17 09:03:28,281 INFO Initializing aspect embedding matrix as centroid of kmean clusters
2020-04-17 09:03:30,884 INFO --------------------------------------------------------------------------------
2020-04-17 09:03:39,922 INFO Epoch 0, train: 8s
2020-04-17 09:03:39,922 INFO Total loss: 16.9599, max_margin_loss: 13.7555, ortho_reg: 3.2044
2020-04-17 09:03:41,496 INFO Epoch 1, train: 1s
2020-04-17 09:03:41,496 INFO Total loss: 7.9634, max_margin_loss: 7.7335, ortho_reg: 0.2299
2020-04-17 09:03:43,046 INFO Epoch 2, train: 1s
2020-04-17 09:03:43,047 INFO Total loss: 6.8657, max_margin_loss: 6.8114, ortho_reg: 0.0543
2020-04-17 09:03:44,851 INFO Epoch 3, train: 1s
2020-04-17 09:03:44,851 INFO Total loss: 6.2251, max_margin_loss: 6.1443, ortho_reg: 0.0808
2020-04-17 09:03:46,490 INFO Epoch 4, train: 1s
2020-04-17 09:03:46,490 INFO Total loss: 5.9979, max_margin_loss: 5.9109, ortho_reg: 0.0870
2020-04-17 09:03:48,043 INFO Epoch 5, train: 1s
2020-04-17 09:03:48,043 INFO Total loss: 5.9006, max_margin_loss: 5.8102, ortho_reg: 0.0903
2020-04-17 09:03:49,553 INFO Epoch 6, train: 1s
2020-04-17 09:03:49,553 INFO Total loss: 5.8103, max_margin_loss: 5.7179, ortho_reg: 0.0924
2020-04-17 09:03:50,999 INFO Epoch 7, train: 1s
2020-04-17 09:03:50,999 INFO Total loss: 5.7396, max_margin_loss: 5.6456, ortho_reg: 0.0939
2020-04-17 09:03:52,491 INFO Epoch 8, train: 1s
2020-04-17 09:03:52,491 INFO Total loss: 5.6928, max_margin_loss: 5.5977, ortho_reg: 0.0951
2020-04-17 09:03:54,245 INFO Epoch 9, train: 1s
2020-04-17 09:03:54,245 INFO Total loss: 5.6633, max_margin_loss: 5.5670, ortho_reg: 0.0963
2020-04-17 09:03:55,973 INFO Epoch 10, train: 1s
2020-04-17 09:03:55,973 INFO Total loss: 5.5937, max_margin_loss: 5.4965, ortho_reg: 0.0972
2020-04-17 09:03:57,593 INFO Epoch 11, train: 1s
2020-04-17 09:03:57,593 INFO Total loss: 5.6260, max_margin_loss: 5.5277, ortho_reg: 0.0982
2020-04-17 09:03:59,121 INFO Epoch 12, train: 1s
2020-04-17 09:03:59,121 INFO Total loss: 5.5759, max_margin_loss: 5.4766, ortho_reg: 0.0993
2020-04-17 09:04:00,809 INFO Epoch 13, train: 1s
2020-04-17 09:04:00,809 INFO Total loss: 5.5077, max_margin_loss: 5.4075, ortho_reg: 0.1001
2020-04-17 09:04:02,416 INFO Epoch 14, train: 1s
2020-04-17 09:04:02,416 INFO Total loss: 5.5274, max_margin_loss: 5.4264, ortho_reg: 0.1010
2020-04-17 14:50:45,390 INFO Arguments:
2020-04-17 14:50:45,390 INFO   algorithm: adam
2020-04-17 14:50:45,390 INFO   aspect_size: 36
2020-04-17 14:50:45,390 INFO   batch_size: 32
2020-04-17 14:50:45,390 INFO   command: train.py --emb-name ../preprocessed_data/sentihood/glove.6B.100d.txt.word2vec --epochs 15 --domain sentihood --out-dir output_dir -as 36
2020-04-17 14:50:45,390 INFO   domain: sentihood
2020-04-17 14:50:45,390 INFO   emb_dim: 100
2020-04-17 14:50:45,390 INFO   emb_name: ../preprocessed_data/sentihood/glove.6B.100d.txt.word2vec
2020-04-17 14:50:45,390 INFO   epochs: 15
2020-04-17 14:50:45,390 INFO   maxlen: 256
2020-04-17 14:50:45,390 INFO   neg_size: 20
2020-04-17 14:50:45,390 INFO   ortho_reg: 0.1
2020-04-17 14:50:45,390 INFO   out_dir_path: output_dir
2020-04-17 14:50:45,390 INFO   seed: 1234
2020-04-17 14:50:45,391 INFO   vocab_size: 9000
2020-04-17 14:50:45,490 INFO   Building model
2020-04-17 14:50:45,530 INFO 'pattern' package not found; tag filters are not available for English
2020-04-17 14:50:45,584 INFO Loading embeddings from: ../preprocessed_data/sentihood/glove.6B.100d.txt.word2vec
2020-04-17 14:50:45,584 INFO loading projection weights from ../preprocessed_data/sentihood/glove.6B.100d.txt.word2vec
2020-04-17 14:51:18,502 INFO loaded (400000, 100) matrix from ../preprocessed_data/sentihood/glove.6B.100d.txt.word2vec
2020-04-17 14:51:29,323 INFO   #vectors: 400000, #dimensions: 100
2020-04-17 14:57:28,440 INFO Initializing word embedding matrix
2020-04-17 14:57:28,480 INFO 3501/3796 word vectors initialized (hit rate: 92.23%)
2020-04-17 14:57:28,482 INFO Initializing aspect embedding matrix as centroid of kmean clusters
2020-04-17 14:57:31,104 INFO --------------------------------------------------------------------------------
2020-04-17 14:57:40,361 INFO Epoch 0, train: 9s
2020-04-17 14:57:40,361 INFO Total loss: 18.5071, max_margin_loss: 13.7724, ortho_reg: 4.7347
2020-04-17 14:57:41,957 INFO Epoch 1, train: 1s
2020-04-17 14:57:41,958 INFO Total loss: 8.0818, max_margin_loss: 7.6883, ortho_reg: 0.3935
2020-04-17 14:57:43,472 INFO Epoch 2, train: 1s
2020-04-17 14:57:43,472 INFO Total loss: 6.7869, max_margin_loss: 6.7039, ortho_reg: 0.0829
2020-04-17 14:57:44,971 INFO Epoch 3, train: 1s
2020-04-17 14:57:44,972 INFO Total loss: 6.1620, max_margin_loss: 6.0746, ortho_reg: 0.0874
2020-04-17 14:57:46,497 INFO Epoch 4, train: 1s
2020-04-17 14:57:46,498 INFO Total loss: 5.9487, max_margin_loss: 5.8581, ortho_reg: 0.0907
2020-04-17 14:57:47,976 INFO Epoch 5, train: 1s
2020-04-17 14:57:47,976 INFO Total loss: 5.8507, max_margin_loss: 5.7574, ortho_reg: 0.0934
2020-04-17 14:57:49,490 INFO Epoch 6, train: 1s
2020-04-17 14:57:49,490 INFO Total loss: 5.7576, max_margin_loss: 5.6622, ortho_reg: 0.0954
2020-04-17 14:57:51,061 INFO Epoch 7, train: 1s
2020-04-17 14:57:51,062 INFO Total loss: 5.6818, max_margin_loss: 5.5849, ortho_reg: 0.0969
2020-04-17 14:57:52,618 INFO Epoch 8, train: 1s
2020-04-17 14:57:52,618 INFO Total loss: 5.6276, max_margin_loss: 5.5294, ortho_reg: 0.0982
2020-04-17 14:57:54,189 INFO Epoch 9, train: 1s
2020-04-17 14:57:54,189 INFO Total loss: 5.5957, max_margin_loss: 5.4964, ortho_reg: 0.0993
2020-04-17 14:57:55,705 INFO Epoch 10, train: 1s
2020-04-17 14:57:55,705 INFO Total loss: 5.5218, max_margin_loss: 5.4215, ortho_reg: 0.1002
2020-04-17 14:57:57,136 INFO Epoch 11, train: 1s
2020-04-17 14:57:57,136 INFO Total loss: 5.5473, max_margin_loss: 5.4463, ortho_reg: 0.1011
2020-04-17 14:57:58,808 INFO Epoch 12, train: 1s
2020-04-17 14:57:58,808 INFO Total loss: 5.4929, max_margin_loss: 5.3911, ortho_reg: 0.1019
2020-04-17 14:58:00,398 INFO Epoch 13, train: 1s
2020-04-17 14:58:00,398 INFO Total loss: 5.4170, max_margin_loss: 5.3146, ortho_reg: 0.1024
2020-04-17 14:58:01,881 INFO Epoch 14, train: 1s
2020-04-17 14:58:01,881 INFO Total loss: 5.4357, max_margin_loss: 5.3329, ortho_reg: 0.1028
