2020-04-17 16:23:30,953 INFO Arguments:
2020-04-17 16:23:30,953 INFO   algorithm: adam
2020-04-17 16:23:30,953 INFO   aspect_size: 42
2020-04-17 16:23:30,953 INFO   batch_size: 32
2020-04-17 16:23:30,953 INFO   command: train.py --emb-name ../preprocessed_data/sentihood/glove.6B.100d.txt.word2vec --epochs 15 --domain sentihood --out-dir output_dir -as 42
2020-04-17 16:23:30,953 INFO   domain: sentihood
2020-04-17 16:23:30,953 INFO   emb_dim: 100
2020-04-17 16:23:30,953 INFO   emb_name: ../preprocessed_data/sentihood/glove.6B.100d.txt.word2vec
2020-04-17 16:23:30,953 INFO   epochs: 15
2020-04-17 16:23:30,953 INFO   maxlen: 256
2020-04-17 16:23:30,953 INFO   neg_size: 20
2020-04-17 16:23:30,953 INFO   ortho_reg: 0.1
2020-04-17 16:23:30,953 INFO   out_dir_path: output_dir
2020-04-17 16:23:30,953 INFO   seed: 1234
2020-04-17 16:23:30,953 INFO   vocab_size: 9000
2020-04-17 16:23:31,049 INFO   Building model
2020-04-17 16:23:31,087 INFO 'pattern' package not found; tag filters are not available for English
2020-04-17 16:23:31,139 INFO Loading embeddings from: ../preprocessed_data/sentihood/glove.6B.100d.txt.word2vec
2020-04-17 16:23:31,139 INFO loading projection weights from ../preprocessed_data/sentihood/glove.6B.100d.txt.word2vec
2020-04-17 16:24:02,920 INFO loaded (400000, 100) matrix from ../preprocessed_data/sentihood/glove.6B.100d.txt.word2vec
2020-04-17 16:24:13,952 INFO   #vectors: 400000, #dimensions: 100
2020-04-17 16:31:49,748 INFO Arguments:
2020-04-17 16:31:49,748 INFO   algorithm: adam
2020-04-17 16:31:49,748 INFO   aspect_size: 42
2020-04-17 16:31:49,748 INFO   batch_size: 32
2020-04-17 16:31:49,748 INFO   command: train.py --emb-name ../preprocessed_data/sentihood/glove.6B.100d.txt.word2vec --epochs 15 --domain sentihood --out-dir output_dir -as 42
2020-04-17 16:31:49,748 INFO   domain: sentihood
2020-04-17 16:31:49,748 INFO   emb_dim: 100
2020-04-17 16:31:49,748 INFO   emb_name: ../preprocessed_data/sentihood/glove.6B.100d.txt.word2vec
2020-04-17 16:31:49,748 INFO   epochs: 15
2020-04-17 16:31:49,748 INFO   maxlen: 256
2020-04-17 16:31:49,748 INFO   neg_size: 20
2020-04-17 16:31:49,748 INFO   ortho_reg: 0.1
2020-04-17 16:31:49,748 INFO   out_dir_path: output_dir
2020-04-17 16:31:49,748 INFO   seed: 1234
2020-04-17 16:31:49,748 INFO   vocab_size: 9000
2020-04-17 16:31:49,850 INFO   Building model
2020-04-17 16:31:49,893 INFO 'pattern' package not found; tag filters are not available for English
2020-04-17 16:31:49,949 INFO Loading embeddings from: ../preprocessed_data/sentihood/glove.6B.100d.txt.word2vec
2020-04-17 16:31:49,949 INFO loading projection weights from ../preprocessed_data/sentihood/glove.6B.100d.txt.word2vec
2020-04-17 16:32:22,348 INFO loaded (400000, 100) matrix from ../preprocessed_data/sentihood/glove.6B.100d.txt.word2vec
2020-04-17 16:32:33,188 INFO   #vectors: 400000, #dimensions: 100
2020-04-17 16:39:19,708 INFO Initializing word embedding matrix
2020-04-17 16:39:19,747 INFO 3501/3796 word vectors initialized (hit rate: 92.23%)
2020-04-17 16:39:19,749 INFO Initializing aspect embedding matrix as centroid of kmean clusters
2020-04-17 16:39:22,592 INFO --------------------------------------------------------------------------------
2020-04-17 16:39:31,734 INFO Epoch 0, train: 9s
2020-04-17 16:39:31,735 INFO Total loss: 20.0882, max_margin_loss: 13.7990, ortho_reg: 6.2892
2020-04-17 16:39:33,441 INFO Epoch 1, train: 1s
2020-04-17 16:39:33,441 INFO Total loss: 8.2880, max_margin_loss: 7.6663, ortho_reg: 0.6217
2020-04-17 16:39:35,001 INFO Epoch 2, train: 1s
2020-04-17 16:39:35,001 INFO Total loss: 6.8093, max_margin_loss: 6.6888, ortho_reg: 0.1205
2020-04-17 16:39:36,587 INFO Epoch 3, train: 1s
2020-04-17 16:39:36,587 INFO Total loss: 6.1575, max_margin_loss: 6.0650, ortho_reg: 0.0925
2020-04-17 16:39:38,140 INFO Epoch 4, train: 1s
2020-04-17 16:39:38,140 INFO Total loss: 5.9288, max_margin_loss: 5.8356, ortho_reg: 0.0933
2020-04-17 16:39:39,594 INFO Epoch 5, train: 1s
2020-04-17 16:39:39,594 INFO Total loss: 5.8286, max_margin_loss: 5.7334, ortho_reg: 0.0952
2020-04-17 16:39:41,071 INFO Epoch 6, train: 1s
2020-04-17 16:39:41,072 INFO Total loss: 5.7315, max_margin_loss: 5.6347, ortho_reg: 0.0967
2020-04-17 16:39:42,610 INFO Epoch 7, train: 1s
2020-04-17 16:39:42,610 INFO Total loss: 5.6525, max_margin_loss: 5.5544, ortho_reg: 0.0981
2020-04-17 16:39:44,125 INFO Epoch 8, train: 1s
2020-04-17 16:39:44,126 INFO Total loss: 5.5975, max_margin_loss: 5.4984, ortho_reg: 0.0991
2020-04-17 16:39:45,724 INFO Epoch 9, train: 1s
2020-04-17 16:39:45,724 INFO Total loss: 5.5629, max_margin_loss: 5.4628, ortho_reg: 0.1001
2020-04-17 16:39:47,201 INFO Epoch 10, train: 1s
2020-04-17 16:39:47,201 INFO Total loss: 5.4894, max_margin_loss: 5.3886, ortho_reg: 0.1008
2020-04-17 16:39:48,855 INFO Epoch 11, train: 1s
2020-04-17 16:39:48,856 INFO Total loss: 5.5111, max_margin_loss: 5.4096, ortho_reg: 0.1015
2020-04-17 16:39:50,317 INFO Epoch 12, train: 1s
2020-04-17 16:39:50,317 INFO Total loss: 5.4567, max_margin_loss: 5.3545, ortho_reg: 0.1022
2020-04-17 16:39:51,833 INFO Epoch 13, train: 1s
2020-04-17 16:39:51,833 INFO Total loss: 5.3765, max_margin_loss: 5.2740, ortho_reg: 0.1025
2020-04-17 16:39:53,277 INFO Epoch 14, train: 1s
2020-04-17 16:39:53,277 INFO Total loss: 5.3901, max_margin_loss: 5.2872, ortho_reg: 0.1028
